1625418003914:ab
1625418025986:fb 1
1625419059528:ab
1625420403886:fb 1
1625420478056:ub 1 'update jdbc book'
1625420502213:fb 1
1625420514493:ab
1625501833630:help
1625501881821:ib 'test' --a Aleksey Dmitriy --g Fantasy Comedy
1625501902432:ib 'test' --a Aleksey,Dmitriy --g Fantasy,Comedy
1625679009615:fb 1
1625679508663:ab
1625679537400:ib 'my test book'
1625679558168:ab
1625679580290:fb 3
1625679596639:fb 2
1625679605270:db 3
1625679613109:ab
1625680236662:fb 1
1625683318320:ab
1625762265868:fb 1
