1625418003914:ab
1625418025986:fb 1
1625419059528:ab
1625420403886:fb 1
1625420478056:ub 1 'update jdbc book'
1625420502213:fb 1
1625420514493:ab
1625501833630:help
1625501881821:ib 'test' --a Aleksey Dmitriy --g Fantasy Comedy
1625501902432:ib 'test' --a Aleksey,Dmitriy --g Fantasy,Comedy
1625679009615:fb 1
1625679508663:ab
1625679537400:ib 'my test book'
1625679558168:ab
1625679580290:fb 3
1625679596639:fb 2
1625679605270:db 3
1625679613109:ab
1625680236662:fb 1
1625683318320:ab
1625762265868:fb 1
1625982241636:fc 1
1625982785069:fb 1
1625982789032:fc 1
1625982803087:fbc 1
1625982829271:fb 1
1625982833078:bc 1
1625982919439:fb 1
1625982921514:bc 1
1625982946921:fb 1
1625982949324:bc 1
1625983451671:ib 'ytest book'
1625983459113:ab
1625983463839:fb 3
1625983505834:ic 'book 3 comment'
1625984438845:fb 1
1625984468997:ib 'ytest book' -t Fantasy, Commedy
1625984523736:ib 'my test' -g Fantasy, Commedy
1625984550913:ib 'test' -g Fantasy,Commedy
1625984580952:fb 3
1626108831359:bc 1
1626109736737:fb 1
1626109741825:bc 1
1626109919723:fb 1
1626109924914:bc 1
1626110134076:fb 1
1626110210610:bc 1
1626110453018:fb 1
1626110463314:bc 1
1626110667347:fb 1
1626110669423:bc 1
1626111304624:fb 1
1626111306661:bc 1
1626111309312:bc 3
